<?xml version="1.0" encoding="UTF-8"?>
<testng-results ignored="0" total="1" passed="1" failed="0" skipped="0">
  <reporter-output>
  </reporter-output>
  <suite started-at="2026-04-28T22:01:18 BST" name="Surefire suite" finished-at="2026-04-28T22:01:33 BST" duration-ms="14687">
    <groups>
    </groups>
    <test started-at="2026-04-28T22:01:18 BST" name="Surefire test" finished-at="2026-04-28T22:01:33 BST" duration-ms="14687">
      <class name="CommerceTest">
        <test-method is-config="true" signature="setUp()[pri:0, instance:CommerceTest@124c278f]" started-at="2026-04-28T22:01:18 BST" name="setUp" finished-at="2026-04-28T22:01:29 BST" duration-ms="10569" status="PASS">
          <reporter-output>
          </reporter-output>
        </test-method> <!-- setUp -->
        <test-method signature="addToCart()[pri:0, instance:CommerceTest@124c278f]" started-at="2026-04-28T22:01:29 BST" name="addToCart" finished-at="2026-04-28T22:01:33 BST" duration-ms="4057" status="PASS">
          <reporter-output>
          </reporter-output>
        </test-method> <!-- addToCart -->
      </class> <!-- CommerceTest -->
    </test> <!-- Surefire test -->
  </suite> <!-- Surefire suite -->
</testng-results>
